SF:src/tschm/flight/__init__.py
DA:1,1
DA:2,1
LF:2
LH:2
end_of_record
SF:src/tschm/flight/numpy_client.py
DA:1,1
DA:3,1
DA:4,1
DA:5,1
DA:7,1
DA:10,1
DA:22,1
DA:29,1
DA:30,1
DA:32,1
DA:36,1
DA:37,1
DA:39,1
DA:43,1
DA:47,1
DA:48,1
DA:49,1
DA:51,1
DA:52,1
DA:65,1
DA:67,1
DA:83,1
DA:86,1
DA:87,1
DA:90,1
DA:92,1
DA:93,1
DA:96,1
DA:98,1
DA:100,1
DA:103,1
DA:105,1
DA:121,1
DA:124,1
DA:127,1
DA:129,1
DA:149,1
DA:152,1
LF:38
LH:38
FN:22,30,Client.__init__
FNDA:1,Client.__init__
FN:32,37,Client.__enter__
FNDA:1,Client.__enter__
FN:39,45,Client.__exit__
FNDA:1,Client.__exit__
FN:48,49,Client.flight
FNDA:1,Client.flight
FN:52,65,Client.descriptor
FNDA:1,Client.descriptor
FN:67,103,Client.write
FNDA:1,Client.write
FN:105,127,Client.get
FNDA:1,Client.get
FN:129,152,Client.compute
FNDA:1,Client.compute
FNF:8
FNH:8
end_of_record
SF:src/tschm/flight/numpy_server.py
DA:1,1
DA:2,1
DA:3,1
DA:5,1
DA:6,1
DA:8,1
DA:11,1
DA:16,1
DA:25,1
DA:26,1
DA:27,1
DA:28,1
DA:29,1
DA:31,1
DA:32,1
DA:34,1
DA:36,1
DA:37,1
DA:44,1
DA:46,1
DA:56,1
DA:58,1
DA:59,1
DA:61,1
DA:62,1
DA:65,1
DA:67,1
DA:69,1
DA:71,1
DA:80,1
DA:81,1
DA:84,1
DA:85,1
DA:87,1
DA:88,1
DA:91,1
DA:94,1
DA:95,1
DA:97,1
DA:98,1
DA:101,1
LF:41
LH:41
FN:16,29,Server.__init__
FNDA:1,Server.__init__
FN:32,34,Server.logger
FNDA:1,Server.logger
FN:37,44,Server._extract_command_from_ticket
FNDA:1,Server._extract_command_from_ticket
FN:46,69,Server.do_put
FNDA:1,Server.do_put
FN:71,101,Server.do_get
FNDA:1,Server.do_get
FN:104,115,Server.start
FNDA:0,Server.start
FN:118,118,Server.f
FNDA:0,Server.f
FNF:7
FNH:5
end_of_record
SF:src/tschm/flight/utils/__init__.py
end_of_record
SF:src/tschm/flight/utils/alter.py
DA:1,1
DA:3,1
DA:4,1
DA:7,1
DA:41,1
DA:45,1
DA:48,1
DA:50,1
DA:52,1
DA:55,1
DA:68,1
DA:69,1
DA:71,1
DA:72,1
DA:73,1
DA:75,1
LF:16
LH:16
FN:7,52,np_2_pa
FNDA:1,np_2_pa
FN:41,50,np_2_pa._f
FNDA:1,np_2_pa._f
FN:55,75,pa_2_np
FNDA:1,pa_2_np
FN:68,73,pa_2_np._f
FNDA:1,pa_2_np._f
FNF:4
FNH:4
end_of_record
